<?xml version="1.0" encoding="UTF-8"?>
<testng-results ignored="0" total="1" passed="1" failed="0" skipped="0">
  <reporter-output>
  </reporter-output>
  <suite started-at="2022-12-16T18:14:50 IST" name="Surefire suite" finished-at="2022-12-16T18:15:03 IST" duration-ms="13690">
    <groups>
    </groups>
    <test started-at="2022-12-16T18:14:50 IST" name="Surefire test" finished-at="2022-12-16T18:15:03 IST" duration-ms="13690">
      <class name="com.example.ecommerce.AppTest">
        <test-method signature="shouldAnswerWithTrue()" started-at="2022-12-16T18:14:50 IST" name="shouldAnswerWithTrue" finished-at="2022-12-16T18:14:50 IST" duration-ms="37" status="PASS">
          <reporter-output>
          </reporter-output>
        </test-method> <!-- shouldAnswerWithTrue -->
      </class> <!-- com.example.ecommerce.AppTest -->
    </test> <!-- Surefire test -->
  </suite> <!-- Surefire suite -->
</testng-results>
